<?xml version="1.0" encoding="UTF-8"?>
<!-- Generated by org.testng.reporters.JUnitReportReporter -->
<testsuite skipped="0" hostname="IE6CLT7P79VT2" name="org.TestJava.dataProvidersTests" tests="6" failures="0" timestamp="14 Aug 2020 06:36:51 GMT" time="0.012" errors="0">
  <testcase name="doLogin" time="0.007" classname="org.TestJava.dataProvidersTests"/>
  <testcase name="doReg1" time="0.001" classname="org.TestJava.dataProvidersTests"/>
  <testcase name="doReg" time="0.001" classname="org.TestJava.dataProvidersTests"/>
  <testcase name="doReg" time="0.001" classname="org.TestJava.dataProvidersTests"/>
  <testcase name="doLogin" time="0.001" classname="org.TestJava.dataProvidersTests"/>
  <testcase name="doReg1" time="0.001" classname="org.TestJava.dataProvidersTests"/>
</testsuite> <!-- org.TestJava.dataProvidersTests -->
