<?xml version="1.0" encoding="UTF-8"?>
<!-- Generated by org.testng.reporters.JUnitReportReporter -->
<testsuite skipped="0" hostname="IE6CLT7P79VT2" name="org.TestJava.dataProviders" tests="2" failures="0" timestamp="13 Aug 2020 15:34:41 GMT" time="0.010" errors="0">
  <testcase name="login" time="0.001" classname="org.TestJava.dataProviders"/>
  <testcase name="login" time="0.009" classname="org.TestJava.dataProviders"/>
</testsuite> <!-- org.TestJava.dataProviders -->
