<?xml version="1.0" encoding="UTF-8"?>
<!-- Generated by org.testng.reporters.JUnitReportReporter -->
<testsuite skipped="0" hostname="IE6CLT7P79VT2" name="parameters.parametersPractice" tests="4" failures="0" timestamp="15 Aug 2020 15:15:26 GMT" time="0.011" errors="0">
  <testcase name="getBrowser" time="0.008" classname="parameters.parametersPractice"/>
  <testcase name="getBrowser" time="0.001" classname="parameters.parametersPractice"/>
  <testcase name="getBrowser" time="0.001" classname="parameters.parametersPractice"/>
  <testcase name="getBrowser" time="0.001" classname="parameters.parametersPractice"/>
</testsuite> <!-- parameters.parametersPractice -->
