<?xml version="1.0" encoding="UTF-8"?>
<!-- Generated by org.testng.reporters.JUnitReportReporter -->
<testsuite skipped="0" hostname="IE6CLT7P79VT2" name="org.weatherdata.tests" tests="1" failures="0" timestamp="21 Sep 2020 11:18:16 GMT" time="49.583" errors="0">
  <testcase name="getData" time="49.583" classname="org.weatherdata.tests"/>
</testsuite> <!-- org.weatherdata.tests -->
