<?xml version="1.0" encoding="UTF-8"?>
<!-- Generated by org.testng.reporters.JUnitReportReporter -->
<testsuite skipped="0" hostname="IE6CLT7P79VT2" name="org.TestJava.TestNGPractice" tests="2" failures="0" timestamp="13 Aug 2020 08:10:28 GMT" time="0.010" errors="0">
  <testcase name="Test1" time="0.004" classname="org.TestJava.TestNGPractice"/>
  <testcase name="Test2" time="0.006" classname="org.TestJava.TestNGPractice"/>
</testsuite> <!-- org.TestJava.TestNGPractice -->
